{"C:\\Users\\USER\\Desktop\\פרקטיקום\\01-07 תחילת הפרוייקט\\the project in pull\\Transport-management\\Backend\\modules\\driversModuls.js": {"path":"C:\\Users\\USER\\Desktop\\פרקטיקום\\01-07 תחילת הפרוייקט\\the project in pull\\Transport-management\\Backend\\modules\\driversModuls.js","statementMap":{"0":{"start":{"line":1,"column":17},"end":{"line":1,"column":30}},"1":{"start":{"line":3,"column":21},"end":{"line":9,"column":2}},"2":{"start":{"line":12,"column":16},"end":{"line":12,"column":26}},"3":{"start":{"line":13,"column":14},"end":{"line":13,"column":51}},"4":{"start":{"line":14,"column":19},"end":{"line":14,"column":37}},"5":{"start":{"line":15,"column":2},"end":{"line":15,"column":73}},"6":{"start":{"line":16,"column":2},"end":{"line":16,"column":13}},"7":{"start":{"line":20,"column":20},"end":{"line":20,"column":85}},"8":{"start":{"line":21,"column":17},"end":{"line":21,"column":33}},"9":{"start":{"line":22,"column":17},"end":{"line":22,"column":47}},"10":{"start":{"line":23,"column":2},"end":{"line":23,"column":24}},"11":{"start":{"line":27,"column":20},"end":{"line":27,"column":56}},"12":{"start":{"line":28,"column":17},"end":{"line":28,"column":45}},"13":{"start":{"line":29,"column":2},"end":{"line":29,"column":24}},"14":{"start":{"line":33,"column":20},"end":{"line":33,"column":90}},"15":{"start":{"line":34,"column":17},"end":{"line":34,"column":37}},"16":{"start":{"line":35,"column":17},"end":{"line":35,"column":47}},"17":{"start":{"line":36,"column":2},"end":{"line":36,"column":24}},"18":{"start":{"line":40,"column":20},"end":{"line":40,"column":54}},"19":{"start":{"line":41,"column":2},"end":{"line":41,"column":31}},"20":{"start":{"line":42,"column":2},"end":{"line":42,"column":12}},"21":{"start":{"line":47,"column":20},"end":{"line":47,"column":42}},"22":{"start":{"line":48,"column":17},"end":{"line":48,"column":43}},"23":{"start":{"line":49,"column":2},"end":{"line":49,"column":21}},"24":{"start":{"line":52,"column":0},"end":{"line":58,"column":2}}},"fnMap":{"0":{"name":"query","decl":{"start":{"line":11,"column":15},"end":{"line":11,"column":20}},"loc":{"start":{"line":11,"column":35},"end":{"line":17,"column":1}},"line":11},"1":{"name":"createDriver","decl":{"start":{"line":19,"column":15},"end":{"line":19,"column":27}},"loc":{"start":{"line":19,"column":44},"end":{"line":24,"column":1}},"line":19},"2":{"name":"getDriverById","decl":{"start":{"line":26,"column":15},"end":{"line":26,"column":28}},"loc":{"start":{"line":26,"column":33},"end":{"line":30,"column":1}},"line":26},"3":{"name":"updateDriver","decl":{"start":{"line":32,"column":15},"end":{"line":32,"column":27}},"loc":{"start":{"line":32,"column":48},"end":{"line":37,"column":1}},"line":32},"4":{"name":"deleteDriver","decl":{"start":{"line":39,"column":15},"end":{"line":39,"column":27}},"loc":{"start":{"line":39,"column":32},"end":{"line":43,"column":1}},"line":39},"5":{"name":"getAllDrivers","decl":{"start":{"line":46,"column":15},"end":{"line":46,"column":28}},"loc":{"start":{"line":46,"column":31},"end":{"line":51,"column":1}},"line":46}},"branchMap":{},"s":{"0":1,"1":1,"2":8,"3":8,"4":8,"5":8,"6":8,"7":4,"8":4,"9":4,"10":4,"11":1,"12":1,"13":1,"14":1,"15":1,"16":1,"17":1,"18":1,"19":1,"20":1,"21":1,"22":1,"23":1,"24":1},"f":{"0":8,"1":4,"2":1,"3":1,"4":1,"5":1},"b":{},"_coverageSchema":"1a1c01bbd47fc00a2c39e90264f33305004495a9","hash":"924688daaf931e547b365d2de318f5b870d9e800"}
}
