{"C:\\Users\\The user\\Desktop\\practicum\\transport-management\\Transport-management\\Backend\\config.js": {"path":"C:\\Users\\The user\\Desktop\\practicum\\transport-management\\Transport-management\\Backend\\config.js","statementMap":{"0":{"start":{"line":1,"column":0},"end":{"line":1,"column":26}},"1":{"start":{"line":3,"column":16},"end":{"line":3,"column":35}},"2":{"start":{"line":4,"column":16},"end":{"line":4,"column":39}},"3":{"start":{"line":5,"column":16},"end":{"line":5,"column":39}},"4":{"start":{"line":6,"column":16},"end":{"line":6,"column":35}},"5":{"start":{"line":7,"column":16},"end":{"line":7,"column":35}},"6":{"start":{"line":9,"column":0},"end":{"line":15,"column":1}}},"fnMap":{},"branchMap":{},"s":{"0":1,"1":1,"2":1,"3":1,"4":1,"5":1,"6":1},"f":{},"b":{},"_coverageSchema":"1a1c01bbd47fc00a2c39e90264f33305004495a9","hash":"1404bda7198d1f2e38aea3cc186009c21ee21e33"}
,"C:\\Users\\The user\\Desktop\\practicum\\transport-management\\Transport-management\\Backend\\core\\config_db.js": {"path":"C:\\Users\\The user\\Desktop\\practicum\\transport-management\\Transport-management\\Backend\\core\\config_db.js","statementMap":{"0":{"start":{"line":1,"column":17},"end":{"line":1,"column":30}},"1":{"start":{"line":2,"column":56},"end":{"line":2,"column":76}},"2":{"start":{"line":4,"column":13},"end":{"line":11,"column":2}},"3":{"start":{"line":15,"column":26},"end":{"line":22,"column":3}},"4":{"start":{"line":24,"column":27},"end":{"line":32,"column":3}},"5":{"start":{"line":35,"column":2},"end":{"line":52,"column":3}},"6":{"start":{"line":37,"column":4},"end":{"line":37,"column":33}},"7":{"start":{"line":38,"column":19},"end":{"line":38,"column":54}},"8":{"start":{"line":39,"column":24},"end":{"line":39,"column":45}},"9":{"start":{"line":40,"column":4},"end":{"line":45,"column":5}},"10":{"start":{"line":41,"column":6},"end":{"line":41,"column":42}},"11":{"start":{"line":42,"column":6},"end":{"line":42,"column":50}},"12":{"start":{"line":44,"column":6},"end":{"line":44,"column":44}},"13":{"start":{"line":47,"column":4},"end":{"line":47,"column":51}},"14":{"start":{"line":49,"column":4},"end":{"line":51,"column":5}},"15":{"start":{"line":50,"column":6},"end":{"line":50,"column":22}},"16":{"start":{"line":55,"column":0},"end":{"line":58,"column":1}}},"fnMap":{"0":{"name":"create_tracking_table","decl":{"start":{"line":13,"column":15},"end":{"line":13,"column":36}},"loc":{"start":{"line":13,"column":39},"end":{"line":53,"column":1}},"line":13}},"branchMap":{"0":{"loc":{"start":{"line":40,"column":4},"end":{"line":45,"column":5}},"type":"if","locations":[{"start":{"line":40,"column":4},"end":{"line":45,"column":5}},{"start":{"line":43,"column":11},"end":{"line":45,"column":5}}],"line":40},"1":{"loc":{"start":{"line":49,"column":4},"end":{"line":51,"column":5}},"type":"if","locations":[{"start":{"line":49,"column":4},"end":{"line":51,"column":5}},{"start":{},"end":{}}],"line":49}},"s":{"0":1,"1":1,"2":1,"3":0,"4":0,"5":0,"6":0,"7":0,"8":0,"9":0,"10":0,"11":0,"12":0,"13":0,"14":0,"15":0,"16":1},"f":{"0":0},"b":{"0":[0,0],"1":[0,0]},"_coverageSchema":"1a1c01bbd47fc00a2c39e90264f33305004495a9","hash":"b7b61e3f35603610f6b90bf1600b8ada50e6175b"}
,"C:\\Users\\The user\\Desktop\\practicum\\transport-management\\Transport-management\\Backend\\modules\\tracking.js": {"path":"C:\\Users\\The user\\Desktop\\practicum\\transport-management\\Transport-management\\Backend\\modules\\tracking.js","statementMap":{"0":{"start":{"line":1,"column":17},"end":{"line":1,"column":45}},"1":{"start":{"line":3,"column":23},"end":{"line":24,"column":1}},"2":{"start":{"line":4,"column":4},"end":{"line":6,"column":5}},"3":{"start":{"line":5,"column":8},"end":{"line":5,"column":48}},"4":{"start":{"line":8,"column":4},"end":{"line":23,"column":5}},"5":{"start":{"line":9,"column":22},"end":{"line":12,"column":20}},"6":{"start":{"line":13,"column":23},"end":{"line":13,"column":71}},"7":{"start":{"line":14,"column":8},"end":{"line":14,"column":37}},"8":{"start":{"line":15,"column":20},"end":{"line":15,"column":53}},"9":{"start":{"line":16,"column":8},"end":{"line":16,"column":26}},"10":{"start":{"line":18,"column":8},"end":{"line":18,"column":17}},"11":{"start":{"line":20,"column":8},"end":{"line":22,"column":9}},"12":{"start":{"line":21,"column":12},"end":{"line":21,"column":28}},"13":{"start":{"line":26,"column":23},"end":{"line":41,"column":1}},"14":{"start":{"line":28,"column":4},"end":{"line":40,"column":5}},"15":{"start":{"line":29,"column":8},"end":{"line":29,"column":37}},"16":{"start":{"line":30,"column":22},"end":{"line":30,"column":46}},"17":{"start":{"line":31,"column":20},"end":{"line":31,"column":45}},"18":{"start":{"line":32,"column":8},"end":{"line":32,"column":23}},"19":{"start":{"line":34,"column":8},"end":{"line":34,"column":61}},"20":{"start":{"line":35,"column":8},"end":{"line":35,"column":17}},"21":{"start":{"line":37,"column":8},"end":{"line":39,"column":9}},"22":{"start":{"line":38,"column":12},"end":{"line":38,"column":28}},"23":{"start":{"line":43,"column":23},"end":{"line":66,"column":1}},"24":{"start":{"line":45,"column":4},"end":{"line":65,"column":5}},"25":{"start":{"line":46,"column":22},"end":{"line":50,"column":20}},"26":{"start":{"line":51,"column":23},"end":{"line":51,"column":81}},"27":{"start":{"line":52,"column":8},"end":{"line":52,"column":37}},"28":{"start":{"line":53,"column":20},"end":{"line":53,"column":53}},"29":{"start":{"line":54,"column":8},"end":{"line":56,"column":9}},"30":{"start":{"line":55,"column":12},"end":{"line":55,"column":76}},"31":{"start":{"line":57,"column":8},"end":{"line":57,"column":26}},"32":{"start":{"line":59,"column":8},"end":{"line":59,"column":62}},"33":{"start":{"line":60,"column":8},"end":{"line":60,"column":17}},"34":{"start":{"line":62,"column":8},"end":{"line":64,"column":9}},"35":{"start":{"line":63,"column":12},"end":{"line":63,"column":28}},"36":{"start":{"line":68,"column":23},"end":{"line":89,"column":1}},"37":{"start":{"line":70,"column":4},"end":{"line":88,"column":5}},"38":{"start":{"line":71,"column":22},"end":{"line":74,"column":20}},"39":{"start":{"line":75,"column":8},"end":{"line":75,"column":37}},"40":{"start":{"line":76,"column":20},"end":{"line":76,"column":57}},"41":{"start":{"line":77,"column":8},"end":{"line":79,"column":9}},"42":{"start":{"line":78,"column":12},"end":{"line":78,"column":76}},"43":{"start":{"line":80,"column":8},"end":{"line":80,"column":14}},"44":{"start":{"line":82,"column":8},"end":{"line":82,"column":62}},"45":{"start":{"line":83,"column":8},"end":{"line":83,"column":17}},"46":{"start":{"line":85,"column":8},"end":{"line":87,"column":9}},"47":{"start":{"line":86,"column":12},"end":{"line":86,"column":28}},"48":{"start":{"line":90,"column":0},"end":{"line":95,"column":1}}},"fnMap":{"0":{"name":"(anonymous_0)","decl":{"start":{"line":3,"column":23},"end":{"line":3,"column":24}},"loc":{"start":{"line":3,"column":81},"end":{"line":24,"column":1}},"line":3},"1":{"name":"(anonymous_1)","decl":{"start":{"line":26,"column":23},"end":{"line":26,"column":24}},"loc":{"start":{"line":26,"column":35},"end":{"line":41,"column":1}},"line":26},"2":{"name":"(anonymous_2)","decl":{"start":{"line":43,"column":23},"end":{"line":43,"column":24}},"loc":{"start":{"line":43,"column":91},"end":{"line":66,"column":1}},"line":43},"3":{"name":"(anonymous_3)","decl":{"start":{"line":68,"column":23},"end":{"line":68,"column":24}},"loc":{"start":{"line":68,"column":43},"end":{"line":89,"column":1}},"line":68}},"branchMap":{"0":{"loc":{"start":{"line":4,"column":4},"end":{"line":6,"column":5}},"type":"if","locations":[{"start":{"line":4,"column":4},"end":{"line":6,"column":5}},{"start":{},"end":{}}],"line":4},"1":{"loc":{"start":{"line":4,"column":8},"end":{"line":4,"column":116}},"type":"binary-expr","locations":[{"start":{"line":4,"column":8},"end":{"line":4,"column":34}},{"start":{"line":4,"column":38},"end":{"line":4,"column":64}},{"start":{"line":4,"column":68},"end":{"line":4,"column":86}},{"start":{"line":4,"column":90},"end":{"line":4,"column":116}}],"line":4},"2":{"loc":{"start":{"line":20,"column":8},"end":{"line":22,"column":9}},"type":"if","locations":[{"start":{"line":20,"column":8},"end":{"line":22,"column":9}},{"start":{},"end":{}}],"line":20},"3":{"loc":{"start":{"line":37,"column":8},"end":{"line":39,"column":9}},"type":"if","locations":[{"start":{"line":37,"column":8},"end":{"line":39,"column":9}},{"start":{},"end":{}}],"line":37},"4":{"loc":{"start":{"line":54,"column":8},"end":{"line":56,"column":9}},"type":"if","locations":[{"start":{"line":54,"column":8},"end":{"line":56,"column":9}},{"start":{},"end":{}}],"line":54},"5":{"loc":{"start":{"line":62,"column":8},"end":{"line":64,"column":9}},"type":"if","locations":[{"start":{"line":62,"column":8},"end":{"line":64,"column":9}},{"start":{},"end":{}}],"line":62},"6":{"loc":{"start":{"line":77,"column":8},"end":{"line":79,"column":9}},"type":"if","locations":[{"start":{"line":77,"column":8},"end":{"line":79,"column":9}},{"start":{},"end":{}}],"line":77},"7":{"loc":{"start":{"line":85,"column":8},"end":{"line":87,"column":9}},"type":"if","locations":[{"start":{"line":85,"column":8},"end":{"line":87,"column":9}},{"start":{},"end":{}}],"line":85}},"s":{"0":1,"1":1,"2":5,"3":3,"4":2,"5":2,"6":2,"7":2,"8":2,"9":2,"10":0,"11":2,"12":2,"13":1,"14":1,"15":1,"16":1,"17":1,"18":1,"19":0,"20":0,"21":1,"22":1,"23":1,"24":3,"25":3,"26":3,"27":3,"28":3,"29":3,"30":2,"31":1,"32":2,"33":2,"34":3,"35":3,"36":1,"37":2,"38":2,"39":2,"40":2,"41":2,"42":2,"43":0,"44":2,"45":2,"46":2,"47":2,"48":1},"f":{"0":5,"1":1,"2":3,"3":2},"b":{"0":[3,2],"1":[5,4,3,2],"2":[2,0],"3":[1,0],"4":[2,1],"5":[3,0],"6":[2,0],"7":[2,0]},"_coverageSchema":"1a1c01bbd47fc00a2c39e90264f33305004495a9","hash":"867bab39d27f6a63229ca5f2f4def0c3b649932b"}
}
