TN:
SF:modules\driversModuls.js
FN:11,query
FN:19,createDriver
FN:26,getDriverById
FN:32,updateDriver
FN:39,deleteDriver
FN:46,getAllDrivers
FNF:6
FNH:6
FNDA:8,query
FNDA:4,createDriver
FNDA:1,getDriverById
FNDA:1,updateDriver
FNDA:1,deleteDriver
FNDA:1,getAllDrivers
DA:1,1
DA:3,1
DA:12,8
DA:13,8
DA:14,8
DA:15,8
DA:16,8
DA:20,4
DA:21,4
DA:22,4
DA:23,4
DA:27,1
DA:28,1
DA:29,1
DA:33,1
DA:34,1
DA:35,1
DA:36,1
DA:40,1
DA:41,1
DA:42,1
DA:47,1
DA:48,1
DA:49,1
DA:52,1
LF:25
LH:25
BRF:0
BRH:0
end_of_record
