TN:
SF:config.js
FNF:0
FNH:0
DA:1,1
DA:3,1
DA:4,1
DA:5,1
DA:6,1
DA:7,1
DA:9,1
LF:7
LH:7
BRF:0
BRH:0
end_of_record
TN:
SF:core\config_db.js
FN:13,create_tracking_table
FNF:1
FNH:0
FNDA:0,create_tracking_table
DA:1,1
DA:2,1
DA:4,1
DA:15,0
DA:24,0
DA:35,0
DA:37,0
DA:38,0
DA:39,0
DA:40,0
DA:41,0
DA:42,0
DA:44,0
DA:47,0
DA:49,0
DA:50,0
DA:55,1
LF:17
LH:4
BRDA:40,0,0,0
BRDA:40,0,1,0
BRDA:49,1,0,0
BRDA:49,1,1,0
BRF:4
BRH:0
end_of_record
TN:
SF:modules\tracking.js
FN:3,(anonymous_0)
FN:26,(anonymous_1)
FN:43,(anonymous_2)
FN:68,(anonymous_3)
FNF:4
FNH:4
FNDA:5,(anonymous_0)
FNDA:1,(anonymous_1)
FNDA:3,(anonymous_2)
FNDA:2,(anonymous_3)
DA:1,1
DA:3,1
DA:4,5
DA:5,3
DA:8,2
DA:9,2
DA:13,2
DA:14,2
DA:15,2
DA:16,2
DA:18,0
DA:20,2
DA:21,2
DA:26,1
DA:28,1
DA:29,1
DA:30,1
DA:31,1
DA:32,1
DA:34,0
DA:35,0
DA:37,1
DA:38,1
DA:43,1
DA:45,3
DA:46,3
DA:51,3
DA:52,3
DA:53,3
DA:54,3
DA:55,2
DA:57,1
DA:59,2
DA:60,2
DA:62,3
DA:63,3
DA:68,1
DA:70,2
DA:71,2
DA:75,2
DA:76,2
DA:77,2
DA:78,2
DA:80,0
DA:82,2
DA:83,2
DA:85,2
DA:86,2
DA:90,1
LF:49
LH:45
BRDA:4,0,0,3
BRDA:4,0,1,2
BRDA:4,1,0,5
BRDA:4,1,1,4
BRDA:4,1,2,3
BRDA:4,1,3,2
BRDA:20,2,0,2
BRDA:20,2,1,0
BRDA:37,3,0,1
BRDA:37,3,1,0
BRDA:54,4,0,2
BRDA:54,4,1,1
BRDA:62,5,0,3
BRDA:62,5,1,0
BRDA:77,6,0,2
BRDA:77,6,1,0
BRDA:85,7,0,2
BRDA:85,7,1,0
BRF:18
BRH:13
end_of_record
