TN:
SF:app.js
FN:11,(anonymous_0)
FNF:1
FNH:0
FNDA:0,(anonymous_0)
DA:1,1
DA:2,1
DA:3,1
DA:4,1
DA:7,1
DA:8,1
DA:11,1
DA:12,0
DA:15,1
LF:9
LH:8
BRF:0
BRH:0
end_of_record
TN:
SF:core\config_db.js
FNF:0
FNH:0
DA:1,1
DA:16,1
DA:18,1
DA:20,1
DA:27,1
LF:5
LH:5
BRF:0
BRH:0
end_of_record
TN:
SF:modules\users.js
FN:97,(anonymous_0)
FN:107,(anonymous_1)
FN:132,(anonymous_2)
FN:142,(anonymous_3)
FN:160,(anonymous_4)
FNF:5
FNH:5
FNDA:1,(anonymous_0)
FNDA:3,(anonymous_1)
FNDA:1,(anonymous_2)
FNDA:2,(anonymous_3)
FNDA:2,(anonymous_4)
DA:95,1
DA:97,1
DA:98,1
DA:99,1
DA:100,1
DA:102,0
DA:103,0
DA:107,1
DA:108,3
DA:109,3
DA:110,3
DA:111,3
DA:112,1
DA:115,2
DA:116,2
DA:117,0
DA:120,2
DA:125,1
DA:127,2
DA:128,2
DA:132,1
DA:133,1
DA:134,1
DA:135,1
DA:137,0
DA:138,0
DA:142,1
DA:143,2
DA:144,2
DA:145,2
DA:146,1
DA:149,1
DA:150,1
DA:151,0
DA:153,1
DA:155,1
DA:156,1
DA:160,1
DA:161,2
DA:162,2
DA:163,2
DA:164,2
DA:165,2
DA:166,2
DA:167,1
DA:170,1
DA:176,1
DA:177,0
DA:179,1
DA:181,1
DA:182,1
DA:186,1
LF:52
LH:45
BRDA:111,0,0,1
BRDA:111,0,1,2
BRDA:116,1,0,0
BRDA:116,1,1,2
BRDA:145,2,0,1
BRDA:145,2,1,1
BRDA:150,3,0,0
BRDA:150,3,1,1
BRDA:166,4,0,1
BRDA:166,4,1,1
BRDA:176,5,0,0
BRDA:176,5,1,1
BRF:12
BRH:9
end_of_record
TN:
SF:routers\usersRoutes.js
FN:6,(anonymous_0)
FN:17,(anonymous_1)
FN:27,(anonymous_2)
FN:37,(anonymous_3)
FN:48,(anonymous_4)
FNF:5
FNH:5
FNDA:3,(anonymous_0)
FNDA:1,(anonymous_1)
FNDA:1,(anonymous_2)
FNDA:2,(anonymous_3)
FNDA:2,(anonymous_4)
DA:1,1
DA:2,1
DA:3,1
DA:4,1
DA:6,1
DA:7,3
DA:8,3
DA:9,1
DA:11,2
DA:12,2
DA:17,1
DA:18,1
DA:19,1
DA:20,1
DA:22,0
DA:27,1
DA:28,1
DA:29,1
DA:30,1
DA:32,0
DA:37,1
DA:38,2
DA:39,2
DA:40,1
DA:42,1
DA:43,1
DA:48,1
DA:49,2
DA:50,2
DA:51,2
DA:52,1
DA:54,1
DA:55,1
DA:60,1
LF:34
LH:32
BRF:0
BRH:0
end_of_record
